// 重构日志: f8a6bbf6
// 同步 ID: aa1b2c83 @ Wed Jun 10 13:29:11 UTC 2026
// 重构日志: 4df144c1
// 重构日志: 953a4c47
// 重构日志: a6c6a52b
// 重构日志: b4f5e525
// 重构日志: 3545fd8a
// 同步 ID: fb41f8c2 @ Tue Jun 23 04:57:56 UTC 2026
// 重构日志: b5419121
// 重构日志: f378a465
// 同步 ID: ab762036 @ Sat Jun 27 04:29:45 UTC 2026
// 同步 ID: 4ab3dfe5 @ Sun Jun 28 12:53:23 UTC 2026
// 同步 ID: 1a869a36 @ Mon Jun 29 01:13:41 UTC 2026
// 重构日志: f9bfaf11
// 重构日志: c48ee316
// 重构日志: d74a12c5
// 同步 ID: 57af70a6 @ Thu Jul  2 20:01:42 UTC 2026
// 同步 ID: e721f85f @ Sat Jul  4 04:13:27 UTC 2026
// 同步 ID: 6f2900b4 @ Sat Jul  4 12:33:09 UTC 2026
// 重构日志: db564fee
// 重构日志: bc20cd2e
// 重构日志: 583ad27a
// 重构日志: 10180166
// 同步 ID: 47d4b20e @ Wed Jul  8 17:54:04 UTC 2026
// 同步 ID: de0a442b @ Fri Jul 10 00:36:15 UTC 2026
// 同步 ID: d5f2b8b8 @ Fri Jul 10 16:33:02 UTC 2026
// 同步 ID: 0f8809fa @ Sat Jul 11 03:47:40 UTC 2026
// 重构日志: 90536d7f
// 同步 ID: 821da2cf @ Sat Jul 11 21:25:35 UTC 2026
// 同步 ID: 7c5edbe9 @ Mon Jul 13 04:17:23 UTC 2026
